<?xml version="1.0" encoding="UTF-8"?>
<testsuite name="com.crud.tasks.trello.validator.TrelloValidatorTest" tests="1" skipped="0" failures="0" errors="0" timestamp="2020-10-15T18:09:34" hostname="MacBook-Air-Marcin.local" time="0.033">
  <properties/>
  <testcase name="testValidateTrelloBoards" classname="com.crud.tasks.trello.validator.TrelloValidatorTest" time="0.033"/>
  <system-out><![CDATA[2020-10-15 20:09:34.719  INFO 35823 --- [    Test worker] .b.t.c.SpringBootTestContextBootstrapper : Neither @ContextConfiguration nor @ContextHierarchy found for test class [com.crud.tasks.trello.validator.TrelloValidatorTest], using SpringBootContextLoader
2020-10-15 20:09:34.722  INFO 35823 --- [    Test worker] o.s.t.c.support.AbstractContextLoader    : Could not detect default resource locations for test class [com.crud.tasks.trello.validator.TrelloValidatorTest]: no resource found for suffixes {-context.xml, Context.groovy}.
2020-10-15 20:09:34.723  INFO 35823 --- [    Test worker] t.c.s.AnnotationConfigContextLoaderUtils : Could not detect default configuration classes for test class [com.crud.tasks.trello.validator.TrelloValidatorTest]: TrelloValidatorTest does not declare any static, non-private, non-final, nested classes annotated with @Configuration.
2020-10-15 20:09:34.739  INFO 35823 --- [    Test worker] .b.t.c.SpringBootTestContextBootstrapper : Found @SpringBootConfiguration com.crud.tasks.TasksApplication for test class com.crud.tasks.trello.validator.TrelloValidatorTest
2020-10-15 20:09:34.745  INFO 35823 --- [    Test worker] .b.t.c.SpringBootTestContextBootstrapper : Loaded default TestExecutionListener class names from location [META-INF/spring.factories]: [org.springframework.boot.test.autoconfigure.restdocs.RestDocsTestExecutionListener, org.springframework.boot.test.autoconfigure.web.client.MockRestServiceServerResetTestExecutionListener, org.springframework.boot.test.autoconfigure.web.servlet.MockMvcPrintOnlyOnFailureTestExecutionListener, org.springframework.boot.test.autoconfigure.web.servlet.WebDriverTestExecutionListener, org.springframework.boot.test.autoconfigure.webservices.client.MockWebServiceServerTestExecutionListener, org.springframework.boot.test.mock.mockito.MockitoTestExecutionListener, org.springframework.boot.test.mock.mockito.ResetMocksTestExecutionListener, org.springframework.test.context.web.ServletTestExecutionListener, org.springframework.test.context.support.DirtiesContextBeforeModesTestExecutionListener, org.springframework.test.context.support.DependencyInjectionTestExecutionListener, org.springframework.test.context.support.DirtiesContextTestExecutionListener, org.springframework.test.context.transaction.TransactionalTestExecutionListener, org.springframework.test.context.jdbc.SqlScriptsTestExecutionListener, org.springframework.test.context.event.EventPublishingTestExecutionListener]
2020-10-15 20:09:34.747  INFO 35823 --- [    Test worker] .b.t.c.SpringBootTestContextBootstrapper : Using TestExecutionListeners: [org.springframework.test.context.web.ServletTestExecutionListener@734fb153, org.springframework.test.context.support.DirtiesContextBeforeModesTestExecutionListener@276633ea, org.springframework.boot.test.mock.mockito.MockitoTestExecutionListener@9f16224, org.springframework.boot.test.autoconfigure.SpringBootDependencyInjectionTestExecutionListener@3e5a4f3e, org.springframework.test.context.support.DirtiesContextTestExecutionListener@3091b48f, org.springframework.test.context.transaction.TransactionalTestExecutionListener@267e3814, org.springframework.test.context.jdbc.SqlScriptsTestExecutionListener@241c8ebd, org.springframework.test.context.event.EventPublishingTestExecutionListener@485316bf, org.springframework.boot.test.autoconfigure.restdocs.RestDocsTestExecutionListener@755be6f6, org.springframework.boot.test.autoconfigure.web.client.MockRestServiceServerResetTestExecutionListener@22b2ced1, org.springframework.boot.test.autoconfigure.web.servlet.MockMvcPrintOnlyOnFailureTestExecutionListener@621bc55c, org.springframework.boot.test.autoconfigure.web.servlet.WebDriverTestExecutionListener@322dd14e, org.springframework.boot.test.autoconfigure.webservices.client.MockWebServiceServerTestExecutionListener@18ebedab, org.springframework.boot.test.mock.mockito.ResetMocksTestExecutionListener@2c9b7c21]
2020-10-15 20:09:34.777  INFO 35823 --- [    Test worker] c.c.t.trello.validator.TrelloValidator   : Starting filtering boards...
2020-10-15 20:09:34.797  INFO 35823 --- [    Test worker] c.c.t.trello.validator.TrelloValidator   : Boards have been filtered. Current list size: 1
2020-10-15 20:09:34.798  INFO 35823 --- [    Test worker] c.c.t.trello.validator.TrelloValidator   : Starting filtering boards...
2020-10-15 20:09:34.798  INFO 35823 --- [    Test worker] c.c.t.trello.validator.TrelloValidator   : Boards have been filtered. Current list size: 0
]]></system-out>
  <system-err><![CDATA[]]></system-err>
</testsuite>
