<?xml version="1.0" encoding="UTF-8"?>
<testsuite name="com.crud.tasks.trello.validator.TrelloValidatorTest" tests="1" skipped="0" failures="0" errors="0" timestamp="2020-11-02T08:57:29" hostname="MacBook-Air-Marcin.local" time="0.008">
  <properties/>
  <testcase name="testValidateTrelloBoards" classname="com.crud.tasks.trello.validator.TrelloValidatorTest" time="0.008"/>
  <system-out><![CDATA[2020-11-02 09:57:29.103  INFO 90291 --- [    Test worker] .b.t.c.SpringBootTestContextBootstrapper : Neither @ContextConfiguration nor @ContextHierarchy found for test class [com.crud.tasks.trello.validator.TrelloValidatorTest], using SpringBootContextLoader
2020-11-02 09:57:29.104  INFO 90291 --- [    Test worker] o.s.t.c.support.AbstractContextLoader    : Could not detect default resource locations for test class [com.crud.tasks.trello.validator.TrelloValidatorTest]: no resource found for suffixes {-context.xml, Context.groovy}.
2020-11-02 09:57:29.104  INFO 90291 --- [    Test worker] t.c.s.AnnotationConfigContextLoaderUtils : Could not detect default configuration classes for test class [com.crud.tasks.trello.validator.TrelloValidatorTest]: TrelloValidatorTest does not declare any static, non-private, non-final, nested classes annotated with @Configuration.
2020-11-02 09:57:29.110  INFO 90291 --- [    Test worker] .b.t.c.SpringBootTestContextBootstrapper : Found @SpringBootConfiguration com.crud.tasks.TasksApplication for test class com.crud.tasks.trello.validator.TrelloValidatorTest
2020-11-02 09:57:29.112  INFO 90291 --- [    Test worker] .b.t.c.SpringBootTestContextBootstrapper : Loaded default TestExecutionListener class names from location [META-INF/spring.factories]: [org.springframework.boot.test.autoconfigure.restdocs.RestDocsTestExecutionListener, org.springframework.boot.test.autoconfigure.web.client.MockRestServiceServerResetTestExecutionListener, org.springframework.boot.test.autoconfigure.web.servlet.MockMvcPrintOnlyOnFailureTestExecutionListener, org.springframework.boot.test.autoconfigure.web.servlet.WebDriverTestExecutionListener, org.springframework.boot.test.autoconfigure.webservices.client.MockWebServiceServerTestExecutionListener, org.springframework.boot.test.mock.mockito.MockitoTestExecutionListener, org.springframework.boot.test.mock.mockito.ResetMocksTestExecutionListener, org.springframework.test.context.web.ServletTestExecutionListener, org.springframework.test.context.support.DirtiesContextBeforeModesTestExecutionListener, org.springframework.test.context.support.DependencyInjectionTestExecutionListener, org.springframework.test.context.support.DirtiesContextTestExecutionListener, org.springframework.test.context.transaction.TransactionalTestExecutionListener, org.springframework.test.context.jdbc.SqlScriptsTestExecutionListener, org.springframework.test.context.event.EventPublishingTestExecutionListener]
2020-11-02 09:57:29.113  INFO 90291 --- [    Test worker] .b.t.c.SpringBootTestContextBootstrapper : Using TestExecutionListeners: [org.springframework.test.context.web.ServletTestExecutionListener@6321f7ab, org.springframework.test.context.support.DirtiesContextBeforeModesTestExecutionListener@220607e5, org.springframework.boot.test.mock.mockito.MockitoTestExecutionListener@19be13a3, org.springframework.boot.test.autoconfigure.SpringBootDependencyInjectionTestExecutionListener@36999a81, org.springframework.test.context.support.DirtiesContextTestExecutionListener@5ae9af56, org.springframework.test.context.transaction.TransactionalTestExecutionListener@4842a2c1, org.springframework.test.context.jdbc.SqlScriptsTestExecutionListener@21888361, org.springframework.test.context.event.EventPublishingTestExecutionListener@5b3f4843, org.springframework.boot.test.autoconfigure.restdocs.RestDocsTestExecutionListener@4c3bcf6d, org.springframework.boot.test.autoconfigure.web.client.MockRestServiceServerResetTestExecutionListener@11322881, org.springframework.boot.test.autoconfigure.web.servlet.MockMvcPrintOnlyOnFailureTestExecutionListener@7444224d, org.springframework.boot.test.autoconfigure.web.servlet.WebDriverTestExecutionListener@559801d6, org.springframework.boot.test.autoconfigure.webservices.client.MockWebServiceServerTestExecutionListener@47cafcaf, org.springframework.boot.test.mock.mockito.ResetMocksTestExecutionListener@47bcb2f7]
2020-11-02 09:57:29.118  INFO 90291 --- [    Test worker] c.c.t.trello.validator.TrelloValidator   : Starting filtering boards...
2020-11-02 09:57:29.119  INFO 90291 --- [    Test worker] c.c.t.trello.validator.TrelloValidator   : Boards have been filtered. Current list size: 1
2020-11-02 09:57:29.120  INFO 90291 --- [    Test worker] c.c.t.trello.validator.TrelloValidator   : Starting filtering boards...
2020-11-02 09:57:29.120  INFO 90291 --- [    Test worker] c.c.t.trello.validator.TrelloValidator   : Boards have been filtered. Current list size: 0
]]></system-out>
  <system-err><![CDATA[]]></system-err>
</testsuite>
