<?xml version="1.0" encoding="UTF-8"?>
<testsuite name="com.crud.tasks.TasksApplicationTests" tests="1" skipped="0" failures="0" errors="0" timestamp="2020-07-22T09:35:13" hostname="MacBook-Air-Marcin.local" time="0.324">
  <properties/>
  <testcase name="contextLoads()" classname="com.crud.tasks.TasksApplicationTests" time="0.324"/>
  <system-out><![CDATA[11:35:07.136 [Test worker] DEBUG org.springframework.test.context.BootstrapUtils - Instantiating CacheAwareContextLoaderDelegate from class [org.springframework.test.context.cache.DefaultCacheAwareContextLoaderDelegate]
11:35:07.167 [Test worker] DEBUG org.springframework.test.context.BootstrapUtils - Instantiating BootstrapContext using constructor [public org.springframework.test.context.support.DefaultBootstrapContext(java.lang.Class,org.springframework.test.context.CacheAwareContextLoaderDelegate)]
11:35:07.226 [Test worker] DEBUG org.springframework.test.context.BootstrapUtils - Instantiating TestContextBootstrapper for test class [com.crud.tasks.TasksApplicationTests] from class [org.springframework.boot.test.context.SpringBootTestContextBootstrapper]
11:35:07.268 [Test worker] INFO org.springframework.boot.test.context.SpringBootTestContextBootstrapper - Neither @ContextConfiguration nor @ContextHierarchy found for test class [com.crud.tasks.TasksApplicationTests], using SpringBootContextLoader
11:35:07.276 [Test worker] DEBUG org.springframework.test.context.support.AbstractContextLoader - Did not detect default resource location for test class [com.crud.tasks.TasksApplicationTests]: class path resource [com/crud/tasks/TasksApplicationTests-context.xml] does not exist
11:35:07.278 [Test worker] DEBUG org.springframework.test.context.support.AbstractContextLoader - Did not detect default resource location for test class [com.crud.tasks.TasksApplicationTests]: class path resource [com/crud/tasks/TasksApplicationTestsContext.groovy] does not exist
11:35:07.278 [Test worker] INFO org.springframework.test.context.support.AbstractContextLoader - Could not detect default resource locations for test class [com.crud.tasks.TasksApplicationTests]: no resource found for suffixes {-context.xml, Context.groovy}.
11:35:07.281 [Test worker] INFO org.springframework.test.context.support.AnnotationConfigContextLoaderUtils - Could not detect default configuration classes for test class [com.crud.tasks.TasksApplicationTests]: TasksApplicationTests does not declare any static, non-private, non-final, nested classes annotated with @Configuration.
11:35:07.371 [Test worker] DEBUG org.springframework.test.context.support.ActiveProfilesUtils - Could not find an 'annotation declaring class' for annotation type [org.springframework.test.context.ActiveProfiles] and class [com.crud.tasks.TasksApplicationTests]
11:35:07.463 [Test worker] DEBUG org.springframework.context.annotation.ClassPathScanningCandidateComponentProvider - Identified candidate component class: file [/Users/marcin/Desktop/tasks/build/classes/java/main/com/crud/tasks/TasksApplication.class]
11:35:07.465 [Test worker] INFO org.springframework.boot.test.context.SpringBootTestContextBootstrapper - Found @SpringBootConfiguration com.crud.tasks.TasksApplication for test class com.crud.tasks.TasksApplicationTests
11:35:07.632 [Test worker] DEBUG org.springframework.boot.test.context.SpringBootTestContextBootstrapper - @TestExecutionListeners is not present for class [com.crud.tasks.TasksApplicationTests]: using defaults.
11:35:07.634 [Test worker] INFO org.springframework.boot.test.context.SpringBootTestContextBootstrapper - Loaded default TestExecutionListener class names from location [META-INF/spring.factories]: [org.springframework.boot.test.autoconfigure.restdocs.RestDocsTestExecutionListener, org.springframework.boot.test.autoconfigure.web.client.MockRestServiceServerResetTestExecutionListener, org.springframework.boot.test.autoconfigure.web.servlet.MockMvcPrintOnlyOnFailureTestExecutionListener, org.springframework.boot.test.autoconfigure.web.servlet.WebDriverTestExecutionListener, org.springframework.boot.test.autoconfigure.webservices.client.MockWebServiceServerTestExecutionListener, org.springframework.boot.test.mock.mockito.MockitoTestExecutionListener, org.springframework.boot.test.mock.mockito.ResetMocksTestExecutionListener, org.springframework.test.context.web.ServletTestExecutionListener, org.springframework.test.context.support.DirtiesContextBeforeModesTestExecutionListener, org.springframework.test.context.support.DependencyInjectionTestExecutionListener, org.springframework.test.context.support.DirtiesContextTestExecutionListener, org.springframework.test.context.transaction.TransactionalTestExecutionListener, org.springframework.test.context.jdbc.SqlScriptsTestExecutionListener, org.springframework.test.context.event.EventPublishingTestExecutionListener]
11:35:07.670 [Test worker] INFO org.springframework.boot.test.context.SpringBootTestContextBootstrapper - Using TestExecutionListeners: [org.springframework.test.context.web.ServletTestExecutionListener@8d7d975, org.springframework.test.context.support.DirtiesContextBeforeModesTestExecutionListener@14f34a6b, org.springframework.boot.test.mock.mockito.MockitoTestExecutionListener@24e6b252, org.springframework.boot.test.autoconfigure.SpringBootDependencyInjectionTestExecutionListener@149ded7c, org.springframework.test.context.support.DirtiesContextTestExecutionListener@22b782eb, org.springframework.test.context.transaction.TransactionalTestExecutionListener@2c9934c4, org.springframework.test.context.jdbc.SqlScriptsTestExecutionListener@3d7c7727, org.springframework.test.context.event.EventPublishingTestExecutionListener@46718bf9, org.springframework.boot.test.autoconfigure.restdocs.RestDocsTestExecutionListener@584fe906, org.springframework.boot.test.autoconfigure.web.client.MockRestServiceServerResetTestExecutionListener@3d15c9df, org.springframework.boot.test.autoconfigure.web.servlet.MockMvcPrintOnlyOnFailureTestExecutionListener@630e4415, org.springframework.boot.test.autoconfigure.web.servlet.WebDriverTestExecutionListener@296a35ce, org.springframework.boot.test.autoconfigure.webservices.client.MockWebServiceServerTestExecutionListener@e4afe3c, org.springframework.boot.test.mock.mockito.ResetMocksTestExecutionListener@1d82851b]
11:35:07.678 [Test worker] DEBUG org.springframework.test.context.support.AbstractDirtiesContextTestExecutionListener - Before test class: context [DefaultTestContext@c3ce967 testClass = TasksApplicationTests, testInstance = [null], testMethod = [null], testException = [null], mergedContextConfiguration = [WebMergedContextConfiguration@3023d6f4 testClass = TasksApplicationTests, locations = '{}', classes = '{class com.crud.tasks.TasksApplication}', contextInitializerClasses = '[]', activeProfiles = '{}', propertySourceLocations = '{}', propertySourceProperties = '{org.springframework.boot.test.context.SpringBootTestContextBootstrapper=true}', contextCustomizers = set[org.springframework.boot.test.autoconfigure.properties.PropertyMappingContextCustomizer@0, org.springframework.boot.test.autoconfigure.web.servlet.WebDriverContextCustomizerFactory$Customizer@1cf05e15, org.springframework.boot.test.context.filter.ExcludeFilterContextCustomizer@195c85c4, org.springframework.boot.test.json.DuplicateJsonObjectContextCustomizerFactory$DuplicateJsonObjectContextCustomizer@735a48b2, org.springframework.boot.test.mock.mockito.MockitoContextCustomizer@0, org.springframework.boot.test.web.client.TestRestTemplateContextCustomizer@598c8b5d, org.springframework.boot.test.context.SpringBootTestArgs@1], resourceBasePath = 'src/main/webapp', contextLoader = 'org.springframework.boot.test.context.SpringBootContextLoader', parent = [null]], attributes = map['org.springframework.test.context.web.ServletTestExecutionListener.activateListener' -> true]], class annotated with @DirtiesContext [false] with mode [null].
11:35:07.727 [Test worker] DEBUG org.springframework.test.context.support.TestPropertySourceUtils - Adding inlined properties to environment: {spring.jmx.enabled=false, org.springframework.boot.test.context.SpringBootTestContextBootstrapper=true}

  .   ____          _            __ _ _
 /\\ / ___'_ __ _ _(_)_ __  __ _ \ \ \ \
( ( )\___ | '_ | '_| | '_ \/ _` | \ \ \ \
 \\/  ___)| |_)| | | | | || (_| |  ) ) ) )
  '  |____| .__|_| |_|_| |_\__, | / / / /
 =========|_|==============|___/=/_/_/_/
 :: Spring Boot ::        (v2.3.1.RELEASE)

2020-07-22 11:35:08.406  INFO 8120 --- [    Test worker] com.crud.tasks.TasksApplicationTests     : Starting TasksApplicationTests on MacBook-Air-Marcin.local with PID 8120 (started by marcin in /Users/marcin/Desktop/tasks)
2020-07-22 11:35:08.409  INFO 8120 --- [    Test worker] com.crud.tasks.TasksApplicationTests     : No active profile set, falling back to default profiles: default
2020-07-22 11:35:09.776  INFO 8120 --- [    Test worker] .s.d.r.c.RepositoryConfigurationDelegate : Bootstrapping Spring Data JPA repositories in DEFERRED mode.
2020-07-22 11:35:09.914  INFO 8120 --- [    Test worker] .s.d.r.c.RepositoryConfigurationDelegate : Finished Spring Data repository scanning in 126ms. Found 1 JPA repository interfaces.
2020-07-22 11:35:10.992  INFO 8120 --- [    Test worker] o.s.s.concurrent.ThreadPoolTaskExecutor  : Initializing ExecutorService 'applicationTaskExecutor'
2020-07-22 11:35:11.093  INFO 8120 --- [         task-1] o.hibernate.jpa.internal.util.LogHelper  : HHH000204: Processing PersistenceUnitInfo [name: default]
2020-07-22 11:35:11.184  INFO 8120 --- [         task-1] org.hibernate.Version                    : HHH000412: Hibernate ORM core version 5.4.17.Final
2020-07-22 11:35:11.520  INFO 8120 --- [         task-1] o.hibernate.annotations.common.Version   : HCANN000001: Hibernate Commons Annotations {5.1.0.Final}
2020-07-22 11:35:11.541  WARN 8120 --- [    Test worker] JpaBaseConfiguration$JpaWebConfiguration : spring.jpa.open-in-view is enabled by default. Therefore, database queries may be performed during view rendering. Explicitly configure spring.jpa.open-in-view to disable this warning
2020-07-22 11:35:11.765  INFO 8120 --- [         task-1] com.zaxxer.hikari.HikariDataSource       : HikariPool-1 - Starting...
2020-07-22 11:35:12.178  INFO 8120 --- [         task-1] com.zaxxer.hikari.HikariDataSource       : HikariPool-1 - Start completed.
2020-07-22 11:35:12.214  INFO 8120 --- [         task-1] org.hibernate.dialect.Dialect            : HHH000400: Using dialect: org.hibernate.dialect.MySQL5Dialect
2020-07-22 11:35:12.865  INFO 8120 --- [    Test worker] DeferredRepositoryInitializationListener : Triggering deferred initialization of Spring Data repositories…
2020-07-22 11:35:13.538  INFO 8120 --- [         task-1] o.h.e.t.j.p.i.JtaPlatformInitiator       : HHH000490: Using JtaPlatform implementation: [org.hibernate.engine.transaction.jta.platform.internal.NoJtaPlatform]
2020-07-22 11:35:13.550  INFO 8120 --- [         task-1] j.LocalContainerEntityManagerFactoryBean : Initialized JPA EntityManagerFactory for persistence unit 'default'
2020-07-22 11:35:13.870  INFO 8120 --- [    Test worker] DeferredRepositoryInitializationListener : Spring Data repositories initialized!
2020-07-22 11:35:13.886  INFO 8120 --- [    Test worker] com.crud.tasks.TasksApplicationTests     : Started TasksApplicationTests in 6.135 seconds (JVM running for 8.356)
]]></system-out>
  <system-err><![CDATA[]]></system-err>
</testsuite>
