<?xml version="1.0" encoding="UTF-8"?>
<testsuite name="com.crud.tasks.controller.TrelloControllerTest" tests="3" skipped="0" failures="0" errors="0" timestamp="2020-11-02T08:57:27" hostname="MacBook-Air-Marcin.local" time="0.26">
  <properties/>
  <testcase name="shouldFetchTrelloBoards" classname="com.crud.tasks.controller.TrelloControllerTest" time="0.182"/>
  <testcase name="shouldFetchEmptyTrelloBoards" classname="com.crud.tasks.controller.TrelloControllerTest" time="0.007"/>
  <testcase name="shouldCreateTrelloCard" classname="com.crud.tasks.controller.TrelloControllerTest" time="0.069"/>
  <system-out><![CDATA[2020-11-02 09:57:26.083  INFO 90291 --- [    Test worker] .b.t.a.w.s.WebMvcTestContextBootstrapper : Neither @ContextConfiguration nor @ContextHierarchy found for test class [com.crud.tasks.controller.TrelloControllerTest], using SpringBootContextLoader
2020-11-02 09:57:26.085  INFO 90291 --- [    Test worker] o.s.t.c.support.AbstractContextLoader    : Could not detect default resource locations for test class [com.crud.tasks.controller.TrelloControllerTest]: no resource found for suffixes {-context.xml, Context.groovy}.
2020-11-02 09:57:26.085  INFO 90291 --- [    Test worker] t.c.s.AnnotationConfigContextLoaderUtils : Could not detect default configuration classes for test class [com.crud.tasks.controller.TrelloControllerTest]: TrelloControllerTest does not declare any static, non-private, non-final, nested classes annotated with @Configuration.
2020-11-02 09:57:26.116  INFO 90291 --- [    Test worker] .b.t.c.SpringBootTestContextBootstrapper : Found @SpringBootConfiguration com.crud.tasks.TasksApplication for test class com.crud.tasks.controller.TrelloControllerTest
2020-11-02 09:57:26.117  INFO 90291 --- [    Test worker] .b.t.a.w.s.WebMvcTestContextBootstrapper : Loaded default TestExecutionListener class names from location [META-INF/spring.factories]: [org.springframework.boot.test.autoconfigure.restdocs.RestDocsTestExecutionListener, org.springframework.boot.test.autoconfigure.web.client.MockRestServiceServerResetTestExecutionListener, org.springframework.boot.test.autoconfigure.web.servlet.MockMvcPrintOnlyOnFailureTestExecutionListener, org.springframework.boot.test.autoconfigure.web.servlet.WebDriverTestExecutionListener, org.springframework.boot.test.autoconfigure.webservices.client.MockWebServiceServerTestExecutionListener, org.springframework.boot.test.mock.mockito.MockitoTestExecutionListener, org.springframework.boot.test.mock.mockito.ResetMocksTestExecutionListener, org.springframework.test.context.web.ServletTestExecutionListener, org.springframework.test.context.support.DirtiesContextBeforeModesTestExecutionListener, org.springframework.test.context.support.DependencyInjectionTestExecutionListener, org.springframework.test.context.support.DirtiesContextTestExecutionListener, org.springframework.test.context.transaction.TransactionalTestExecutionListener, org.springframework.test.context.jdbc.SqlScriptsTestExecutionListener, org.springframework.test.context.event.EventPublishingTestExecutionListener]
2020-11-02 09:57:26.117  INFO 90291 --- [    Test worker] .b.t.a.w.s.WebMvcTestContextBootstrapper : Using TestExecutionListeners: [org.springframework.test.context.web.ServletTestExecutionListener@15a11090, org.springframework.test.context.support.DirtiesContextBeforeModesTestExecutionListener@42a0b1b3, org.springframework.boot.test.mock.mockito.MockitoTestExecutionListener@6f472042, org.springframework.boot.test.autoconfigure.SpringBootDependencyInjectionTestExecutionListener@665fabf9, org.springframework.test.context.support.DirtiesContextTestExecutionListener@7b670232, org.springframework.test.context.transaction.TransactionalTestExecutionListener@3c0d19c4, org.springframework.test.context.jdbc.SqlScriptsTestExecutionListener@6a9e7b37, org.springframework.test.context.event.EventPublishingTestExecutionListener@718515fe, org.springframework.boot.test.autoconfigure.restdocs.RestDocsTestExecutionListener@3230ff6e, org.springframework.boot.test.autoconfigure.web.client.MockRestServiceServerResetTestExecutionListener@662713d5, org.springframework.boot.test.autoconfigure.web.servlet.MockMvcPrintOnlyOnFailureTestExecutionListener@7ff99be5, org.springframework.boot.test.autoconfigure.web.servlet.WebDriverTestExecutionListener@268a4b01, org.springframework.boot.test.autoconfigure.webservices.client.MockWebServiceServerTestExecutionListener@13741b31, org.springframework.boot.test.mock.mockito.ResetMocksTestExecutionListener@4d930b31]

  .   ____          _            __ _ _
 /\\ / ___'_ __ _ _(_)_ __  __ _ \ \ \ \
( ( )\___ | '_ | '_| | '_ \/ _` | \ \ \ \
 \\/  ___)| |_)| | | | | || (_| |  ) ) ) )
  '  |____| .__|_| |_|_| |_\__, | / / / /
 =========|_|==============|___/=/_/_/_/
 :: Spring Boot ::        (v2.3.1.RELEASE)

2020-11-02 09:57:26.163  INFO 90291 --- [    Test worker] c.c.t.controller.TrelloControllerTest    : Starting TrelloControllerTest on MacBook-Air-Marcin.local with PID 90291 (started by marcin in /Users/marcin/Desktop/tasks)
2020-11-02 09:57:26.166  INFO 90291 --- [    Test worker] c.c.t.controller.TrelloControllerTest    : No active profile set, falling back to default profiles: default
2020-11-02 09:57:27.134  INFO 90291 --- [    Test worker] pertySourcedRequestMappingHandlerMapping : Mapped URL path [/v2/api-docs] onto method [springfox.documentation.swagger2.web.Swagger2Controller#getDocumentation(String, HttpServletRequest)]
2020-11-02 09:57:27.261  INFO 90291 --- [    Test worker] o.s.s.concurrent.ThreadPoolTaskExecutor  : Initializing ExecutorService 'applicationTaskExecutor'
2020-11-02 09:57:27.478  INFO 90291 --- [    Test worker] o.s.b.t.m.w.SpringBootMockServletContext : Initializing Spring TestDispatcherServlet ''
2020-11-02 09:57:27.478  INFO 90291 --- [    Test worker] o.s.t.web.servlet.TestDispatcherServlet  : Initializing Servlet ''
2020-11-02 09:57:27.493  INFO 90291 --- [    Test worker] o.s.t.web.servlet.TestDispatcherServlet  : Completed initialization in 14 ms
2020-11-02 09:57:27.516  INFO 90291 --- [    Test worker] d.s.w.p.DocumentationPluginsBootstrapper : Context refreshed
2020-11-02 09:57:27.517  INFO 90291 --- [    Test worker] d.s.w.p.DocumentationPluginsBootstrapper : Found 1 custom documentation plugin(s)
2020-11-02 09:57:27.525  INFO 90291 --- [    Test worker] s.d.s.w.s.ApiListingReferenceScanner     : Scanning for api listing references
2020-11-02 09:57:27.550  INFO 90291 --- [    Test worker] c.c.t.controller.TrelloControllerTest    : Started TrelloControllerTest in 1.428 seconds (JVM running for 13.033)
]]></system-out>
  <system-err><![CDATA[]]></system-err>
</testsuite>
