<?xml version="1.0" encoding="UTF-8"?>
<testsuite name="com.crud.tasks.controller.TaskControllerTest" tests="5" skipped="0" failures="0" errors="0" timestamp="2020-11-02T08:57:29" hostname="MacBook-Air-Marcin.local" time="0.077">
  <properties/>
  <testcase name="shouldUpdateTask" classname="com.crud.tasks.controller.TaskControllerTest" time="0.033"/>
  <testcase name="shouldCreateTask" classname="com.crud.tasks.controller.TaskControllerTest" time="0.01"/>
  <testcase name="shouldGetTask" classname="com.crud.tasks.controller.TaskControllerTest" time="0.012"/>
  <testcase name="shouldDeleteTask" classname="com.crud.tasks.controller.TaskControllerTest" time="0.006"/>
  <testcase name="shouldGetTasks" classname="com.crud.tasks.controller.TaskControllerTest" time="0.008"/>
  <system-out><![CDATA[2020-11-02 09:57:27.822  INFO 90291 --- [    Test worker] .b.t.a.w.s.WebMvcTestContextBootstrapper : Neither @ContextConfiguration nor @ContextHierarchy found for test class [com.crud.tasks.controller.TaskControllerTest], using SpringBootContextLoader
2020-11-02 09:57:27.824  INFO 90291 --- [    Test worker] o.s.t.c.support.AbstractContextLoader    : Could not detect default resource locations for test class [com.crud.tasks.controller.TaskControllerTest]: no resource found for suffixes {-context.xml, Context.groovy}.
2020-11-02 09:57:27.824  INFO 90291 --- [    Test worker] t.c.s.AnnotationConfigContextLoaderUtils : Could not detect default configuration classes for test class [com.crud.tasks.controller.TaskControllerTest]: TaskControllerTest does not declare any static, non-private, non-final, nested classes annotated with @Configuration.
2020-11-02 09:57:27.829  INFO 90291 --- [    Test worker] .b.t.c.SpringBootTestContextBootstrapper : Found @SpringBootConfiguration com.crud.tasks.TasksApplication for test class com.crud.tasks.controller.TaskControllerTest
2020-11-02 09:57:27.829  INFO 90291 --- [    Test worker] .b.t.a.w.s.WebMvcTestContextBootstrapper : Loaded default TestExecutionListener class names from location [META-INF/spring.factories]: [org.springframework.boot.test.autoconfigure.restdocs.RestDocsTestExecutionListener, org.springframework.boot.test.autoconfigure.web.client.MockRestServiceServerResetTestExecutionListener, org.springframework.boot.test.autoconfigure.web.servlet.MockMvcPrintOnlyOnFailureTestExecutionListener, org.springframework.boot.test.autoconfigure.web.servlet.WebDriverTestExecutionListener, org.springframework.boot.test.autoconfigure.webservices.client.MockWebServiceServerTestExecutionListener, org.springframework.boot.test.mock.mockito.MockitoTestExecutionListener, org.springframework.boot.test.mock.mockito.ResetMocksTestExecutionListener, org.springframework.test.context.web.ServletTestExecutionListener, org.springframework.test.context.support.DirtiesContextBeforeModesTestExecutionListener, org.springframework.test.context.support.DependencyInjectionTestExecutionListener, org.springframework.test.context.support.DirtiesContextTestExecutionListener, org.springframework.test.context.transaction.TransactionalTestExecutionListener, org.springframework.test.context.jdbc.SqlScriptsTestExecutionListener, org.springframework.test.context.event.EventPublishingTestExecutionListener]
2020-11-02 09:57:27.830  INFO 90291 --- [    Test worker] .b.t.a.w.s.WebMvcTestContextBootstrapper : Using TestExecutionListeners: [org.springframework.test.context.web.ServletTestExecutionListener@1c4ed51e, org.springframework.test.context.support.DirtiesContextBeforeModesTestExecutionListener@7686c200, org.springframework.boot.test.mock.mockito.MockitoTestExecutionListener@2efc26a0, org.springframework.boot.test.autoconfigure.SpringBootDependencyInjectionTestExecutionListener@6f0acc2, org.springframework.test.context.support.DirtiesContextTestExecutionListener@6cfc7f27, org.springframework.test.context.transaction.TransactionalTestExecutionListener@2c2a267a, org.springframework.test.context.jdbc.SqlScriptsTestExecutionListener@632ccc79, org.springframework.test.context.event.EventPublishingTestExecutionListener@60b9fa62, org.springframework.boot.test.autoconfigure.restdocs.RestDocsTestExecutionListener@6f33a415, org.springframework.boot.test.autoconfigure.web.client.MockRestServiceServerResetTestExecutionListener@1257467f, org.springframework.boot.test.autoconfigure.web.servlet.MockMvcPrintOnlyOnFailureTestExecutionListener@179d0f48, org.springframework.boot.test.autoconfigure.web.servlet.WebDriverTestExecutionListener@38d89d33, org.springframework.boot.test.autoconfigure.webservices.client.MockWebServiceServerTestExecutionListener@4a399531, org.springframework.boot.test.mock.mockito.ResetMocksTestExecutionListener@62f546b7]

  .   ____          _            __ _ _
 /\\ / ___'_ __ _ _(_)_ __  __ _ \ \ \ \
( ( )\___ | '_ | '_| | '_ \/ _` | \ \ \ \
 \\/  ___)| |_)| | | | | || (_| |  ) ) ) )
  '  |____| .__|_| |_|_| |_\__, | / / / /
 =========|_|==============|___/=/_/_/_/
 :: Spring Boot ::        (v2.3.1.RELEASE)

2020-11-02 09:57:27.863  INFO 90291 --- [    Test worker] c.c.tasks.controller.TaskControllerTest  : Starting TaskControllerTest on MacBook-Air-Marcin.local with PID 90291 (started by marcin in /Users/marcin/Desktop/tasks)
2020-11-02 09:57:27.871  INFO 90291 --- [    Test worker] c.c.tasks.controller.TaskControllerTest  : No active profile set, falling back to default profiles: default
2020-11-02 09:57:28.633  INFO 90291 --- [    Test worker] pertySourcedRequestMappingHandlerMapping : Mapped URL path [/v2/api-docs] onto method [springfox.documentation.swagger2.web.Swagger2Controller#getDocumentation(String, HttpServletRequest)]
2020-11-02 09:57:28.770  INFO 90291 --- [    Test worker] o.s.s.concurrent.ThreadPoolTaskExecutor  : Initializing ExecutorService 'applicationTaskExecutor'
2020-11-02 09:57:28.895  INFO 90291 --- [   scheduling-1] c.crud.tasks.service.SimpleEmailService  : Email has been sent.
2020-11-02 09:57:28.948  INFO 90291 --- [    Test worker] o.s.b.t.m.w.SpringBootMockServletContext : Initializing Spring TestDispatcherServlet ''
2020-11-02 09:57:28.948  INFO 90291 --- [    Test worker] o.s.t.web.servlet.TestDispatcherServlet  : Initializing Servlet ''
2020-11-02 09:57:28.957  INFO 90291 --- [    Test worker] o.s.t.web.servlet.TestDispatcherServlet  : Completed initialization in 8 ms
2020-11-02 09:57:28.976  INFO 90291 --- [    Test worker] d.s.w.p.DocumentationPluginsBootstrapper : Context refreshed
2020-11-02 09:57:28.977  INFO 90291 --- [    Test worker] d.s.w.p.DocumentationPluginsBootstrapper : Found 1 custom documentation plugin(s)
2020-11-02 09:57:28.985  INFO 90291 --- [    Test worker] s.d.s.w.s.ApiListingReferenceScanner     : Scanning for api listing references
2020-11-02 09:57:29.018  INFO 90291 --- [    Test worker] c.c.tasks.controller.TaskControllerTest  : Started TaskControllerTest in 1.184 seconds (JVM running for 14.5)
]]></system-out>
  <system-err><![CDATA[]]></system-err>
</testsuite>
