<?xml version="1.0" encoding="UTF-8"?>
<testsuite name="com.crud.tasks.service.TrelloServiceTest" tests="1" skipped="0" failures="0" errors="0" timestamp="2020-10-15T18:09:20" hostname="MacBook-Air-Marcin.local" time="1.882">
  <properties/>
  <testcase name="shouldFetchTrelloBoards" classname="com.crud.tasks.service.TrelloServiceTest" time="1.882"/>
  <system-out><![CDATA[]]></system-out>
  <system-err><![CDATA[]]></system-err>
</testsuite>
