<?xml version="1.0" encoding="UTF-8"?>
<testsuite name="com.crud.tasks.service.SimpleEmailServiceTest" tests="1" skipped="0" failures="0" errors="0" timestamp="2020-11-02T08:57:29" hostname="MacBook-Air-Marcin.local" time="0.025">
  <properties/>
  <testcase name="shouldSendEmail" classname="com.crud.tasks.service.SimpleEmailServiceTest" time="0.025"/>
  <system-out><![CDATA[2020-11-02 09:57:29.537  INFO 90291 --- [    Test worker] c.crud.tasks.service.SimpleEmailService  : Starting email preparation....
2020-11-02 09:57:29.538  INFO 90291 --- [    Test worker] c.crud.tasks.service.SimpleEmailService  : Email has been sent.
]]></system-out>
  <system-err><![CDATA[]]></system-err>
</testsuite>
