<?xml version="1.0" encoding="UTF-8"?>
<testsuite name="com.crud.tasks.service.TrelloServiceTest" tests="1" skipped="0" failures="0" errors="0" timestamp="2020-11-02T08:57:29" hostname="MacBook-Air-Marcin.local" time="0.012">
  <properties/>
  <testcase name="shouldFetchTrelloBoards" classname="com.crud.tasks.service.TrelloServiceTest" time="0.012"/>
  <system-out><![CDATA[]]></system-out>
  <system-err><![CDATA[]]></system-err>
</testsuite>
