<?xml version="1.0" encoding="UTF-8"?>
<testsuite name="com.crud.tasks.trello.validator.TrelloValidatorTest" tests="1" skipped="0" failures="0" errors="0" timestamp="2020-10-20T16:03:53" hostname="MacBook-Air-Marcin.local" time="0.006">
  <properties/>
  <testcase name="testValidateTrelloBoards" classname="com.crud.tasks.trello.validator.TrelloValidatorTest" time="0.006"/>
  <system-out><![CDATA[2020-10-20 18:03:53.664  INFO 28429 --- [    Test worker] .b.t.c.SpringBootTestContextBootstrapper : Neither @ContextConfiguration nor @ContextHierarchy found for test class [com.crud.tasks.trello.validator.TrelloValidatorTest], using SpringBootContextLoader
2020-10-20 18:03:53.666  INFO 28429 --- [    Test worker] o.s.t.c.support.AbstractContextLoader    : Could not detect default resource locations for test class [com.crud.tasks.trello.validator.TrelloValidatorTest]: no resource found for suffixes {-context.xml, Context.groovy}.
2020-10-20 18:03:53.666  INFO 28429 --- [    Test worker] t.c.s.AnnotationConfigContextLoaderUtils : Could not detect default configuration classes for test class [com.crud.tasks.trello.validator.TrelloValidatorTest]: TrelloValidatorTest does not declare any static, non-private, non-final, nested classes annotated with @Configuration.
2020-10-20 18:03:53.674  INFO 28429 --- [    Test worker] .b.t.c.SpringBootTestContextBootstrapper : Found @SpringBootConfiguration com.crud.tasks.TasksApplication for test class com.crud.tasks.trello.validator.TrelloValidatorTest
2020-10-20 18:03:53.677  INFO 28429 --- [    Test worker] .b.t.c.SpringBootTestContextBootstrapper : Loaded default TestExecutionListener class names from location [META-INF/spring.factories]: [org.springframework.boot.test.autoconfigure.restdocs.RestDocsTestExecutionListener, org.springframework.boot.test.autoconfigure.web.client.MockRestServiceServerResetTestExecutionListener, org.springframework.boot.test.autoconfigure.web.servlet.MockMvcPrintOnlyOnFailureTestExecutionListener, org.springframework.boot.test.autoconfigure.web.servlet.WebDriverTestExecutionListener, org.springframework.boot.test.autoconfigure.webservices.client.MockWebServiceServerTestExecutionListener, org.springframework.boot.test.mock.mockito.MockitoTestExecutionListener, org.springframework.boot.test.mock.mockito.ResetMocksTestExecutionListener, org.springframework.test.context.web.ServletTestExecutionListener, org.springframework.test.context.support.DirtiesContextBeforeModesTestExecutionListener, org.springframework.test.context.support.DependencyInjectionTestExecutionListener, org.springframework.test.context.support.DirtiesContextTestExecutionListener, org.springframework.test.context.transaction.TransactionalTestExecutionListener, org.springframework.test.context.jdbc.SqlScriptsTestExecutionListener, org.springframework.test.context.event.EventPublishingTestExecutionListener]
2020-10-20 18:03:53.678  INFO 28429 --- [    Test worker] .b.t.c.SpringBootTestContextBootstrapper : Using TestExecutionListeners: [org.springframework.test.context.web.ServletTestExecutionListener@1136fe1e, org.springframework.test.context.support.DirtiesContextBeforeModesTestExecutionListener@18650a1f, org.springframework.boot.test.mock.mockito.MockitoTestExecutionListener@308ffaea, org.springframework.boot.test.autoconfigure.SpringBootDependencyInjectionTestExecutionListener@7063a828, org.springframework.test.context.support.DirtiesContextTestExecutionListener@56036e34, org.springframework.test.context.transaction.TransactionalTestExecutionListener@6606b319, org.springframework.test.context.jdbc.SqlScriptsTestExecutionListener@29915d99, org.springframework.test.context.event.EventPublishingTestExecutionListener@44de926b, org.springframework.boot.test.autoconfigure.restdocs.RestDocsTestExecutionListener@961260a, org.springframework.boot.test.autoconfigure.web.client.MockRestServiceServerResetTestExecutionListener@5a2cd244, org.springframework.boot.test.autoconfigure.web.servlet.MockMvcPrintOnlyOnFailureTestExecutionListener@79f2310d, org.springframework.boot.test.autoconfigure.web.servlet.WebDriverTestExecutionListener@490fa992, org.springframework.boot.test.autoconfigure.webservices.client.MockWebServiceServerTestExecutionListener@49de87cf, org.springframework.boot.test.mock.mockito.ResetMocksTestExecutionListener@755cd242]
2020-10-20 18:03:53.685  INFO 28429 --- [    Test worker] c.c.t.trello.validator.TrelloValidator   : Starting filtering boards...
2020-10-20 18:03:53.685  INFO 28429 --- [    Test worker] c.c.t.trello.validator.TrelloValidator   : Boards have been filtered. Current list size: 1
2020-10-20 18:03:53.686  INFO 28429 --- [    Test worker] c.c.t.trello.validator.TrelloValidator   : Starting filtering boards...
2020-10-20 18:03:53.686  INFO 28429 --- [    Test worker] c.c.t.trello.validator.TrelloValidator   : Boards have been filtered. Current list size: 0
]]></system-out>
  <system-err><![CDATA[]]></system-err>
</testsuite>
