<?xml version="1.0" encoding="UTF-8"?>
<testsuite name="com.crud.tasks.controller.TaskControllerTest" tests="5" skipped="0" failures="0" errors="0" timestamp="2020-10-20T16:03:53" hostname="MacBook-Air-Marcin.local" time="0.084">
  <properties/>
  <testcase name="shouldUpdateTask" classname="com.crud.tasks.controller.TaskControllerTest" time="0.037"/>
  <testcase name="shouldCreateTask" classname="com.crud.tasks.controller.TaskControllerTest" time="0.01"/>
  <testcase name="shouldGetTask" classname="com.crud.tasks.controller.TaskControllerTest" time="0.011"/>
  <testcase name="shouldDeleteTask" classname="com.crud.tasks.controller.TaskControllerTest" time="0.006"/>
  <testcase name="shouldGetTasks" classname="com.crud.tasks.controller.TaskControllerTest" time="0.011"/>
  <system-out><![CDATA[2020-10-20 18:03:52.419  INFO 28429 --- [    Test worker] .b.t.a.w.s.WebMvcTestContextBootstrapper : Neither @ContextConfiguration nor @ContextHierarchy found for test class [com.crud.tasks.controller.TaskControllerTest], using SpringBootContextLoader
2020-10-20 18:03:52.420  INFO 28429 --- [    Test worker] o.s.t.c.support.AbstractContextLoader    : Could not detect default resource locations for test class [com.crud.tasks.controller.TaskControllerTest]: no resource found for suffixes {-context.xml, Context.groovy}.
2020-10-20 18:03:52.420  INFO 28429 --- [    Test worker] t.c.s.AnnotationConfigContextLoaderUtils : Could not detect default configuration classes for test class [com.crud.tasks.controller.TaskControllerTest]: TaskControllerTest does not declare any static, non-private, non-final, nested classes annotated with @Configuration.
2020-10-20 18:03:52.424  INFO 28429 --- [    Test worker] .b.t.c.SpringBootTestContextBootstrapper : Found @SpringBootConfiguration com.crud.tasks.TasksApplication for test class com.crud.tasks.controller.TaskControllerTest
2020-10-20 18:03:52.425  INFO 28429 --- [    Test worker] .b.t.a.w.s.WebMvcTestContextBootstrapper : Loaded default TestExecutionListener class names from location [META-INF/spring.factories]: [org.springframework.boot.test.autoconfigure.restdocs.RestDocsTestExecutionListener, org.springframework.boot.test.autoconfigure.web.client.MockRestServiceServerResetTestExecutionListener, org.springframework.boot.test.autoconfigure.web.servlet.MockMvcPrintOnlyOnFailureTestExecutionListener, org.springframework.boot.test.autoconfigure.web.servlet.WebDriverTestExecutionListener, org.springframework.boot.test.autoconfigure.webservices.client.MockWebServiceServerTestExecutionListener, org.springframework.boot.test.mock.mockito.MockitoTestExecutionListener, org.springframework.boot.test.mock.mockito.ResetMocksTestExecutionListener, org.springframework.test.context.web.ServletTestExecutionListener, org.springframework.test.context.support.DirtiesContextBeforeModesTestExecutionListener, org.springframework.test.context.support.DependencyInjectionTestExecutionListener, org.springframework.test.context.support.DirtiesContextTestExecutionListener, org.springframework.test.context.transaction.TransactionalTestExecutionListener, org.springframework.test.context.jdbc.SqlScriptsTestExecutionListener, org.springframework.test.context.event.EventPublishingTestExecutionListener]
2020-10-20 18:03:52.426  INFO 28429 --- [    Test worker] .b.t.a.w.s.WebMvcTestContextBootstrapper : Using TestExecutionListeners: [org.springframework.test.context.web.ServletTestExecutionListener@1664262, org.springframework.test.context.support.DirtiesContextBeforeModesTestExecutionListener@4b282718, org.springframework.boot.test.mock.mockito.MockitoTestExecutionListener@31c84095, org.springframework.boot.test.autoconfigure.SpringBootDependencyInjectionTestExecutionListener@5171f2e9, org.springframework.test.context.support.DirtiesContextTestExecutionListener@6237cff7, org.springframework.test.context.transaction.TransactionalTestExecutionListener@682d244e, org.springframework.test.context.jdbc.SqlScriptsTestExecutionListener@1b121d36, org.springframework.test.context.event.EventPublishingTestExecutionListener@45aa4207, org.springframework.boot.test.autoconfigure.restdocs.RestDocsTestExecutionListener@19be7532, org.springframework.boot.test.autoconfigure.web.client.MockRestServiceServerResetTestExecutionListener@18302d1f, org.springframework.boot.test.autoconfigure.web.servlet.MockMvcPrintOnlyOnFailureTestExecutionListener@13406882, org.springframework.boot.test.autoconfigure.web.servlet.WebDriverTestExecutionListener@4edaa97, org.springframework.boot.test.autoconfigure.webservices.client.MockWebServiceServerTestExecutionListener@6e1058dd, org.springframework.boot.test.mock.mockito.ResetMocksTestExecutionListener@7751c8d5]

  .   ____          _            __ _ _
 /\\ / ___'_ __ _ _(_)_ __  __ _ \ \ \ \
( ( )\___ | '_ | '_| | '_ \/ _` | \ \ \ \
 \\/  ___)| |_)| | | | | || (_| |  ) ) ) )
  '  |____| .__|_| |_|_| |_\__, | / / / /
 =========|_|==============|___/=/_/_/_/
 :: Spring Boot ::        (v2.3.1.RELEASE)

2020-10-20 18:03:52.457  INFO 28429 --- [    Test worker] c.c.tasks.controller.TaskControllerTest  : Starting TaskControllerTest on MacBook-Air-Marcin.local with PID 28429 (started by marcin in /Users/marcin/Desktop/tasks)
2020-10-20 18:03:52.459  INFO 28429 --- [    Test worker] c.c.tasks.controller.TaskControllerTest  : No active profile set, falling back to default profiles: default
2020-10-20 18:03:53.175  INFO 28429 --- [    Test worker] pertySourcedRequestMappingHandlerMapping : Mapped URL path [/v2/api-docs] onto method [springfox.documentation.swagger2.web.Swagger2Controller#getDocumentation(String, HttpServletRequest)]
2020-10-20 18:03:53.331  INFO 28429 --- [    Test worker] o.s.s.concurrent.ThreadPoolTaskExecutor  : Initializing ExecutorService 'applicationTaskExecutor'
2020-10-20 18:03:53.492  INFO 28429 --- [    Test worker] o.s.b.t.m.w.SpringBootMockServletContext : Initializing Spring TestDispatcherServlet ''
2020-10-20 18:03:53.492  INFO 28429 --- [    Test worker] o.s.t.web.servlet.TestDispatcherServlet  : Initializing Servlet ''
2020-10-20 18:03:53.505  INFO 28429 --- [    Test worker] o.s.t.web.servlet.TestDispatcherServlet  : Completed initialization in 12 ms
2020-10-20 18:03:53.527  INFO 28429 --- [    Test worker] d.s.w.p.DocumentationPluginsBootstrapper : Context refreshed
2020-10-20 18:03:53.528  INFO 28429 --- [    Test worker] d.s.w.p.DocumentationPluginsBootstrapper : Found 1 custom documentation plugin(s)
2020-10-20 18:03:53.535  INFO 28429 --- [    Test worker] s.d.s.w.s.ApiListingReferenceScanner     : Scanning for api listing references
2020-10-20 18:03:53.571  INFO 28429 --- [    Test worker] c.c.tasks.controller.TaskControllerTest  : Started TaskControllerTest in 1.141 seconds (JVM running for 13.202)
]]></system-out>
  <system-err><![CDATA[]]></system-err>
</testsuite>
