<?xml version="1.0" encoding="UTF-8"?>
<testsuite name="com.crud.tasks.trello.client.TrelloClientTest" tests="3" skipped="0" failures="0" errors="0" timestamp="2020-10-15T18:09:35" hostname="MacBook-Air-Marcin.local" time="0.741">
  <properties/>
  <testcase name="shouldReturnEmptyList" classname="com.crud.tasks.trello.client.TrelloClientTest" time="0.726"/>
  <testcase name="shouldFetchTrelloBoards" classname="com.crud.tasks.trello.client.TrelloClientTest" time="0.006"/>
  <testcase name="shouldCreateCard" classname="com.crud.tasks.trello.client.TrelloClientTest" time="0.008"/>
  <system-out><![CDATA[2020-10-15 20:09:35.095  INFO 35823 --- [   scheduling-1] c.crud.tasks.service.SimpleEmailService  : Starting email preparation....
]]></system-out>
  <system-err><![CDATA[]]></system-err>
</testsuite>
