<?xml version="1.0" encoding="UTF-8"?>
<testsuite name="com.crud.tasks.TasksApplicationTests" tests="1" skipped="0" failures="0" errors="0" timestamp="2020-07-01T09:42:18" hostname="MacBook-Air-Marcin.local" time="1.038">
  <properties/>
  <testcase name="contextLoads()" classname="com.crud.tasks.TasksApplicationTests" time="1.038"/>
  <system-out><![CDATA[11:42:15.233 [Test worker] DEBUG org.springframework.test.context.BootstrapUtils - Instantiating CacheAwareContextLoaderDelegate from class [org.springframework.test.context.cache.DefaultCacheAwareContextLoaderDelegate]
11:42:15.258 [Test worker] DEBUG org.springframework.test.context.BootstrapUtils - Instantiating BootstrapContext using constructor [public org.springframework.test.context.support.DefaultBootstrapContext(java.lang.Class,org.springframework.test.context.CacheAwareContextLoaderDelegate)]
11:42:15.321 [Test worker] DEBUG org.springframework.test.context.BootstrapUtils - Instantiating TestContextBootstrapper for test class [com.crud.tasks.TasksApplicationTests] from class [org.springframework.boot.test.context.SpringBootTestContextBootstrapper]
11:42:15.364 [Test worker] INFO org.springframework.boot.test.context.SpringBootTestContextBootstrapper - Neither @ContextConfiguration nor @ContextHierarchy found for test class [com.crud.tasks.TasksApplicationTests], using SpringBootContextLoader
11:42:15.372 [Test worker] DEBUG org.springframework.test.context.support.AbstractContextLoader - Did not detect default resource location for test class [com.crud.tasks.TasksApplicationTests]: class path resource [com/crud/tasks/TasksApplicationTests-context.xml] does not exist
11:42:15.373 [Test worker] DEBUG org.springframework.test.context.support.AbstractContextLoader - Did not detect default resource location for test class [com.crud.tasks.TasksApplicationTests]: class path resource [com/crud/tasks/TasksApplicationTestsContext.groovy] does not exist
11:42:15.374 [Test worker] INFO org.springframework.test.context.support.AbstractContextLoader - Could not detect default resource locations for test class [com.crud.tasks.TasksApplicationTests]: no resource found for suffixes {-context.xml, Context.groovy}.
11:42:15.376 [Test worker] INFO org.springframework.test.context.support.AnnotationConfigContextLoaderUtils - Could not detect default configuration classes for test class [com.crud.tasks.TasksApplicationTests]: TasksApplicationTests does not declare any static, non-private, non-final, nested classes annotated with @Configuration.
11:42:15.468 [Test worker] DEBUG org.springframework.test.context.support.ActiveProfilesUtils - Could not find an 'annotation declaring class' for annotation type [org.springframework.test.context.ActiveProfiles] and class [com.crud.tasks.TasksApplicationTests]
11:42:15.589 [Test worker] DEBUG org.springframework.context.annotation.ClassPathScanningCandidateComponentProvider - Identified candidate component class: file [/Users/marcin/Desktop/kodilla-course/tasks/build/classes/java/main/com/crud/tasks/TasksApplication.class]
11:42:15.590 [Test worker] INFO org.springframework.boot.test.context.SpringBootTestContextBootstrapper - Found @SpringBootConfiguration com.crud.tasks.TasksApplication for test class com.crud.tasks.TasksApplicationTests
11:42:15.754 [Test worker] DEBUG org.springframework.boot.test.context.SpringBootTestContextBootstrapper - @TestExecutionListeners is not present for class [com.crud.tasks.TasksApplicationTests]: using defaults.
11:42:15.756 [Test worker] INFO org.springframework.boot.test.context.SpringBootTestContextBootstrapper - Loaded default TestExecutionListener class names from location [META-INF/spring.factories]: [org.springframework.boot.test.autoconfigure.restdocs.RestDocsTestExecutionListener, org.springframework.boot.test.autoconfigure.web.client.MockRestServiceServerResetTestExecutionListener, org.springframework.boot.test.autoconfigure.web.servlet.MockMvcPrintOnlyOnFailureTestExecutionListener, org.springframework.boot.test.autoconfigure.web.servlet.WebDriverTestExecutionListener, org.springframework.boot.test.autoconfigure.webservices.client.MockWebServiceServerTestExecutionListener, org.springframework.boot.test.mock.mockito.MockitoTestExecutionListener, org.springframework.boot.test.mock.mockito.ResetMocksTestExecutionListener, org.springframework.test.context.web.ServletTestExecutionListener, org.springframework.test.context.support.DirtiesContextBeforeModesTestExecutionListener, org.springframework.test.context.support.DependencyInjectionTestExecutionListener, org.springframework.test.context.support.DirtiesContextTestExecutionListener, org.springframework.test.context.transaction.TransactionalTestExecutionListener, org.springframework.test.context.jdbc.SqlScriptsTestExecutionListener, org.springframework.test.context.event.EventPublishingTestExecutionListener]
11:42:15.785 [Test worker] DEBUG org.springframework.boot.test.context.SpringBootTestContextBootstrapper - Skipping candidate TestExecutionListener [org.springframework.test.context.transaction.TransactionalTestExecutionListener] due to a missing dependency. Specify custom listener classes or make the default listener classes and their required dependencies available. Offending class: [org/springframework/transaction/interceptor/TransactionAttributeSource]
11:42:15.786 [Test worker] DEBUG org.springframework.boot.test.context.SpringBootTestContextBootstrapper - Skipping candidate TestExecutionListener [org.springframework.test.context.jdbc.SqlScriptsTestExecutionListener] due to a missing dependency. Specify custom listener classes or make the default listener classes and their required dependencies available. Offending class: [org/springframework/transaction/interceptor/TransactionAttribute]
11:42:15.787 [Test worker] INFO org.springframework.boot.test.context.SpringBootTestContextBootstrapper - Using TestExecutionListeners: [org.springframework.test.context.web.ServletTestExecutionListener@7d030d5f, org.springframework.test.context.support.DirtiesContextBeforeModesTestExecutionListener@4abefb9f, org.springframework.boot.test.mock.mockito.MockitoTestExecutionListener@1eeffce7, org.springframework.boot.test.autoconfigure.SpringBootDependencyInjectionTestExecutionListener@1c28604a, org.springframework.test.context.support.DirtiesContextTestExecutionListener@79a4ff65, org.springframework.test.context.event.EventPublishingTestExecutionListener@44fb81cd, org.springframework.boot.test.autoconfigure.restdocs.RestDocsTestExecutionListener@25925571, org.springframework.boot.test.autoconfigure.web.client.MockRestServiceServerResetTestExecutionListener@7ae75bb9, org.springframework.boot.test.autoconfigure.web.servlet.MockMvcPrintOnlyOnFailureTestExecutionListener@2466cc57, org.springframework.boot.test.autoconfigure.web.servlet.WebDriverTestExecutionListener@3c8bd4ff, org.springframework.boot.test.autoconfigure.webservices.client.MockWebServiceServerTestExecutionListener@b8537c2, org.springframework.boot.test.mock.mockito.ResetMocksTestExecutionListener@4b7f9f98]
11:42:15.800 [Test worker] DEBUG org.springframework.test.context.support.AbstractDirtiesContextTestExecutionListener - Before test class: context [DefaultTestContext@2c803f11 testClass = TasksApplicationTests, testInstance = [null], testMethod = [null], testException = [null], mergedContextConfiguration = [WebMergedContextConfiguration@572c84f7 testClass = TasksApplicationTests, locations = '{}', classes = '{class com.crud.tasks.TasksApplication}', contextInitializerClasses = '[]', activeProfiles = '{}', propertySourceLocations = '{}', propertySourceProperties = '{org.springframework.boot.test.context.SpringBootTestContextBootstrapper=true}', contextCustomizers = set[org.springframework.boot.test.autoconfigure.properties.PropertyMappingContextCustomizer@0, org.springframework.boot.test.autoconfigure.web.servlet.WebDriverContextCustomizerFactory$Customizer@46796e60, org.springframework.boot.test.context.filter.ExcludeFilterContextCustomizer@4d67a586, org.springframework.boot.test.json.DuplicateJsonObjectContextCustomizerFactory$DuplicateJsonObjectContextCustomizer@1dd37c72, org.springframework.boot.test.mock.mockito.MockitoContextCustomizer@0, org.springframework.boot.test.web.client.TestRestTemplateContextCustomizer@17f6ec3, org.springframework.boot.test.context.SpringBootTestArgs@1], resourceBasePath = 'src/main/webapp', contextLoader = 'org.springframework.boot.test.context.SpringBootContextLoader', parent = [null]], attributes = map['org.springframework.test.context.web.ServletTestExecutionListener.activateListener' -> true]], class annotated with @DirtiesContext [false] with mode [null].
11:42:15.875 [Test worker] DEBUG org.springframework.test.context.support.TestPropertySourceUtils - Adding inlined properties to environment: {spring.jmx.enabled=false, org.springframework.boot.test.context.SpringBootTestContextBootstrapper=true}

  .   ____          _            __ _ _
 /\\ / ___'_ __ _ _(_)_ __  __ _ \ \ \ \
( ( )\___ | '_ | '_| | '_ \/ _` | \ \ \ \
 \\/  ___)| |_)| | | | | || (_| |  ) ) ) )
  '  |____| .__|_| |_|_| |_\__, | / / / /
 =========|_|==============|___/=/_/_/_/
 :: Spring Boot ::        (v2.3.1.RELEASE)

2020-07-01 11:42:16.512  INFO 8829 --- [    Test worker] com.crud.tasks.TasksApplicationTests     : Starting TasksApplicationTests on MacBook-Air-Marcin.local with PID 8829 (started by marcin in /Users/marcin/Desktop/kodilla-course/tasks)
2020-07-01 11:42:16.515  INFO 8829 --- [    Test worker] com.crud.tasks.TasksApplicationTests     : No active profile set, falling back to default profiles: default
2020-07-01 11:42:18.421  INFO 8829 --- [    Test worker] o.s.s.concurrent.ThreadPoolTaskExecutor  : Initializing ExecutorService 'applicationTaskExecutor'
2020-07-01 11:42:18.809  INFO 8829 --- [    Test worker] com.crud.tasks.TasksApplicationTests     : Started TasksApplicationTests in 2.912 seconds (JVM running for 4.914)
]]></system-out>
  <system-err><![CDATA[]]></system-err>
</testsuite>
