<?xml version="1.0" encoding="UTF-8"?>
<testsuite name="com.crud.tasks.trello.facade.TrelloFacadeTest" tests="3" skipped="0" failures="0" errors="0" timestamp="2020-10-15T18:09:34" hostname="MacBook-Air-Marcin.local" time="0.248">
  <properties/>
  <testcase name="shouldFetchTrelloBoards" classname="com.crud.tasks.trello.facade.TrelloFacadeTest" time="0.238"/>
  <testcase name="shouldCreateCard" classname="com.crud.tasks.trello.facade.TrelloFacadeTest" time="0.005"/>
  <testcase name="shouldFetchEmptyList" classname="com.crud.tasks.trello.facade.TrelloFacadeTest" time="0.004"/>
  <system-out><![CDATA[]]></system-out>
  <system-err><![CDATA[]]></system-err>
</testsuite>
